<?xml version="1.0" encoding="UTF-8"?>
<!-- Generated by org.testng.reporters.JUnitReportReporter -->
<testsuite skipped="0" hostname="ASHUTOSH" name="qaclickacademy.RestApiTest" tests="2" failures="0" timestamp="07 Jul 2019 00:31:43 GMT" time="0.010" errors="0">
  <testcase name="postJira" time="0.001" classname="qaclickacademy.RestApiTest"/>
  <testcase name="deleteTwitter" time="0.009" classname="qaclickacademy.RestApiTest"/>
</testsuite> <!-- qaclickacademy.RestApiTest -->
