<?xml version="1.0" encoding="UTF-8"?>
<!-- Generated by org.testng.reporters.JUnitReportReporter -->
<testsuite skipped="0" hostname="ASHUTOSH" name="qaclickacademy.SeleniumTest" tests="2" failures="0" timestamp="07 Jul 2019 15:26:19 GMT" time="0.000" errors="0">
  <testcase name="elementsUI" time="0.000" classname="qaclickacademy.SeleniumTest"/>
  <testcase name="BrowserAutomation" time="0.000" classname="qaclickacademy.SeleniumTest"/>
</testsuite> <!-- qaclickacademy.SeleniumTest -->
