<?xml version="1.0" encoding="UTF-8"?>
<!-- Generated by org.testng.reporters.JUnitReportReporter -->
<testsuite skipped="0" hostname="ASHUTOSH" name="qaclickacademy.RestApiTest" tests="2" failures="0" timestamp="07 Jul 2019 15:26:19 GMT" time="0.004" errors="0">
  <testcase name="postJira" time="0.000" classname="qaclickacademy.RestApiTest"/>
  <testcase name="deleteTwitter" time="0.004" classname="qaclickacademy.RestApiTest"/>
</testsuite> <!-- qaclickacademy.RestApiTest -->
